<?xml version="1.0" encoding="UTF-8"?>
<!-- Generated by org.testng.reporters.JUnitReportReporter -->
<testsuite hostname="DESKTOP-PQFFS2E" failures="0" tests="1" name="com.qa.base.NewTest" time="0.014" errors="0" timestamp="2022-04-20T13:03:05 IST" skipped="0">
  <testcase classname="com.qa.base.NewTest" name="f" time="0.014"/>
  <system-out/>
</testsuite> <!-- com.qa.base.NewTest -->
